  main.cpp
C:\Users\thoma\OneDrive\Bureau\visual studio\DinoSFML\main.cpp(175,58): warning C4244: 'argument' : conversion de 'double' en 'T', perte possible de données
          with
          [
              T=float
          ]
C:\Users\thoma\OneDrive\Bureau\visual studio\DinoSFML\main.cpp(183,81): warning C4244: 'argument' : conversion de 'double' en 'T', perte possible de données
          with
          [
              T=float
          ]
C:\Users\thoma\OneDrive\Bureau\visual studio\DinoSFML\main.cpp(183,57): warning C4244: 'argument' : conversion de 'double' en 'T', perte possible de données
          with
          [
              T=float
          ]
C:\Users\thoma\OneDrive\Bureau\visual studio\DinoSFML\main.cpp(193,39): warning C4244: 'argument' : conversion de 'double' en 'float', perte possible de données
C:\Users\thoma\OneDrive\Bureau\visual studio\DinoSFML\main.cpp(266,24): warning C4244: 'argument' : conversion de 'int' en 'float', perte possible de données
C:\Users\thoma\OneDrive\Bureau\visual studio\DinoSFML\main.cpp(266,18): warning C4244: 'argument' : conversion de 'int' en 'float', perte possible de données
  DinoSFML.vcxproj -> C:\Users\thoma\OneDrive\Bureau\visual studio\DinoSFML\x64\Debug\DinoSFML.exe
