  main.cpp
C:\Users\thoma\OneDrive\Bureau\visual studio\DinoSFML\main.cpp(211,60): warning C4244: 'argument' : conversion de 'double' en 'float', perte possible de données
C:\Users\thoma\OneDrive\Bureau\visual studio\DinoSFML\main.cpp(211,41): warning C4244: 'argument' : conversion de 'double' en 'float', perte possible de données
C:\Users\thoma\OneDrive\Bureau\visual studio\DinoSFML\main.cpp(213,58): warning C4244: 'argument' : conversion de 'double' en 'T', perte possible de données
          with
          [
              T=float
          ]
C:\Users\thoma\OneDrive\Bureau\visual studio\DinoSFML\main.cpp(223,61): warning C4244: 'argument' : conversion de 'double' en 'float', perte possible de données
C:\Users\thoma\OneDrive\Bureau\visual studio\DinoSFML\main.cpp(223,41): warning C4244: 'argument' : conversion de 'double' en 'float', perte possible de données
C:\Users\thoma\OneDrive\Bureau\visual studio\DinoSFML\main.cpp(235,60): warning C4244: 'argument' : conversion de 'double' en 'float', perte possible de données
C:\Users\thoma\OneDrive\Bureau\visual studio\DinoSFML\main.cpp(235,41): warning C4244: 'argument' : conversion de 'double' en 'float', perte possible de données
C:\Users\thoma\OneDrive\Bureau\visual studio\DinoSFML\main.cpp(237,81): warning C4244: 'argument' : conversion de 'double' en 'T', perte possible de données
          with
          [
              T=float
          ]
C:\Users\thoma\OneDrive\Bureau\visual studio\DinoSFML\main.cpp(237,57): warning C4244: 'argument' : conversion de 'double' en 'T', perte possible de données
          with
          [
              T=float
          ]
C:\Users\thoma\OneDrive\Bureau\visual studio\DinoSFML\main.cpp(247,39): warning C4244: 'argument' : conversion de 'double' en 'float', perte possible de données
C:\Users\thoma\OneDrive\Bureau\visual studio\DinoSFML\main.cpp(326,24): warning C4244: 'argument' : conversion de 'int' en 'float', perte possible de données
C:\Users\thoma\OneDrive\Bureau\visual studio\DinoSFML\main.cpp(326,18): warning C4244: 'argument' : conversion de 'int' en 'float', perte possible de données
  Génération de code en cours
  5 of 141 functions ( 3.5%) were compiled, the rest were copied from previous compilation.
    0 functions were new in current compilation
    4 functions had inline decision re-evaluated but remain unchanged
  Fin de la génération du code
  DinoSFML.vcxproj -> C:\Users\thoma\OneDrive\Bureau\visual studio\DinoSFML\x64\Release\DinoSFML.exe
